PREFIX=/Users/salvatorecamiolo/Desktop/github/SeReNA_HCMV_MacOS/src/conda
Unpacking payload ...
Collecting package metadata (current_repodata.json): ...working... done
Solving environment: ...working... done

## Package Plan ##

  environment location: /Users/salvatorecamiolo/Desktop/github/SeReNA_HCMV_MacOS/src/conda

  added / updated specs:
    - brotlipy==0.7.0=py39h9ed2024_1003
    - ca-certificates==2021.7.5=hecd8cb5_1
    - certifi==2021.5.30=py39hecd8cb5_0
    - cffi==1.14.6=py39h2125817_0
    - chardet==4.0.0=py39hecd8cb5_1003
    - conda-package-handling==1.7.3=py39h9ed2024_1
    - conda==4.10.3=py39hecd8cb5_0
    - cryptography==3.4.7=py39h2fd3fbb_0
    - idna==2.10=pyhd3eb1b0_0
    - libcxx==10.0.0=1
    - libffi==3.3=hb1e8313_2
    - ncurses==6.2=h0a44026_1
    - openssl==1.1.1k=h9ed2024_0
    - pip==21.1.3=py39hecd8cb5_0
    - pycosat==0.6.3=py39h9ed2024_0
    - pycparser==2.20=py_2
    - pyopenssl==20.0.1=pyhd3eb1b0_1
    - pysocks==1.7.1=py39hecd8cb5_0
    - python.app==3=py39h9ed2024_0
    - python==3.9.5=h88f2d9e_3
    - readline==8.1=h9ed2024_0
    - requests==2.25.1=pyhd3eb1b0_0
    - ruamel_yaml==0.15.100=py39h9ed2024_0
    - setuptools==52.0.0=py39hecd8cb5_0
    - six==1.16.0=pyhd3eb1b0_0
    - sqlite==3.36.0=hce871da_0
    - tk==8.6.10=hb0a8c7a_0
    - tqdm==4.61.2=pyhd3eb1b0_1
    - tzdata==2021a=h52ac0ba_0
    - urllib3==1.26.6=pyhd3eb1b0_1
    - wheel==0.36.2=pyhd3eb1b0_0
    - xz==5.2.5=h1de35cc_0
    - yaml==0.2.5=haf1e3a3_0
    - zlib==1.2.11=h1de35cc_3


The following NEW packages will be INSTALLED:

  brotlipy           pkgs/main/osx-64::brotlipy-0.7.0-py39h9ed2024_1003
  ca-certificates    pkgs/main/osx-64::ca-certificates-2021.7.5-hecd8cb5_1
  certifi            pkgs/main/osx-64::certifi-2021.5.30-py39hecd8cb5_0
  cffi               pkgs/main/osx-64::cffi-1.14.6-py39h2125817_0
  chardet            pkgs/main/osx-64::chardet-4.0.0-py39hecd8cb5_1003
  conda              pkgs/main/osx-64::conda-4.10.3-py39hecd8cb5_0
  conda-package-han~ pkgs/main/osx-64::conda-package-handling-1.7.3-py39h9ed2024_1
  cryptography       pkgs/main/osx-64::cryptography-3.4.7-py39h2fd3fbb_0
  idna               pkgs/main/noarch::idna-2.10-pyhd3eb1b0_0
  libcxx             pkgs/main/osx-64::libcxx-10.0.0-1
  libffi             pkgs/main/osx-64::libffi-3.3-hb1e8313_2
  ncurses            pkgs/main/osx-64::ncurses-6.2-h0a44026_1
  openssl            pkgs/main/osx-64::openssl-1.1.1k-h9ed2024_0
  pip                pkgs/main/osx-64::pip-21.1.3-py39hecd8cb5_0
  pycosat            pkgs/main/osx-64::pycosat-0.6.3-py39h9ed2024_0
  pycparser          pkgs/main/noarch::pycparser-2.20-py_2
  pyopenssl          pkgs/main/noarch::pyopenssl-20.0.1-pyhd3eb1b0_1
  pysocks            pkgs/main/osx-64::pysocks-1.7.1-py39hecd8cb5_0
  python             pkgs/main/osx-64::python-3.9.5-h88f2d9e_3
  python.app         pkgs/main/osx-64::python.app-3-py39h9ed2024_0
  readline           pkgs/main/osx-64::readline-8.1-h9ed2024_0
  requests           pkgs/main/noarch::requests-2.25.1-pyhd3eb1b0_0
  ruamel_yaml        pkgs/main/osx-64::ruamel_yaml-0.15.100-py39h9ed2024_0
  setuptools         pkgs/main/osx-64::setuptools-52.0.0-py39hecd8cb5_0
  six                pkgs/main/noarch::six-1.16.0-pyhd3eb1b0_0
  sqlite             pkgs/main/osx-64::sqlite-3.36.0-hce871da_0
  tk                 pkgs/main/osx-64::tk-8.6.10-hb0a8c7a_0
  tqdm               pkgs/main/noarch::tqdm-4.61.2-pyhd3eb1b0_1
  tzdata             pkgs/main/noarch::tzdata-2021a-h52ac0ba_0
  urllib3            pkgs/main/noarch::urllib3-1.26.6-pyhd3eb1b0_1
  wheel              pkgs/main/noarch::wheel-0.36.2-pyhd3eb1b0_0
  xz                 pkgs/main/osx-64::xz-5.2.5-h1de35cc_0
  yaml               pkgs/main/osx-64::yaml-0.2.5-haf1e3a3_0
  zlib               pkgs/main/osx-64::zlib-1.2.11-h1de35cc_3


Preparing transaction: ...working... done
Executing transaction: ...working... 
done
installation finished.
